天气预报
duibidu=0.995589
第1个query,共 7个query,天气预报,图片相似度为：0.9955885659773381

虎牙直播
duibidu=0.871656
第2个query,共 7个query,虎牙直播,图片相似度为：0.8716563109156527

张天爱的年龄
duibidu=0.998342
第3个query,共 7个query,张天爱的年龄,图片相似度为：0.9983416359985732

怎样看懂儿童验血单
duibidu=0.997161
第4个query,共 7个query,怎样看懂儿童验血单,图片相似度为：0.9971607669012504

7k7k小游戏
duibidu=0.998810
第5个query,共 7个query,7k7k小游戏,图片相似度为：0.9988101484159047

怎样看懂儿童验血单
duibidu=0.998399
第6个query,共 7个query,怎样看懂儿童验血单,图片相似度为：0.9983987010953851

蒲公英的功效与作用
duibidu=0.999552
第7个query,共 7个query,蒲公英的功效与作用,图片相似度为：0.9995517690610862

